<?xml version="1.0" encoding="UTF-8"?>
<testsuite xmlns:xsi="http://www.w3.org/2001/XMLSchema-instance" xsi:noNamespaceSchemaLocation="https://maven.apache.org/surefire/maven-surefire-plugin/xsd/surefire-test-report-3.0.xsd" version="3.0" name="com.hoangtien2k3.testdeploy.TestDeployApplicationTests" time="2.754" tests="1" errors="0" skipped="0" failures="0">
  <properties>
[...]
</properties>
  <testcase name="contextLoads" classname="com.hoangtien2k3.testdeploy.TestDeployApplicationTests" time="1.168">
    <system-out><![CDATA[15:44:24.575 [main] INFO org.springframework.test.context.support.AnnotationConfigContextLoaderUtils -- Could not detect default configuration classes for test class [com.hoangtien2k3.testdeploy.TestDeployApplicationTests]: TestDeployApplicationTests does not declare any static, non-private, non-final, nested classes annotated with @Configuration.
15:44:24.677 [main] INFO org.springframework.boot.test.context.SpringBootTestContextBootstrapper -- Found @SpringBootConfiguration com.hoangtien2k3.testdeploy.TestDeployApplication for test class com.hoangtien2k3.testdeploy.TestDeployApplicationTests

  .   ____          _            __ _ _
 /\\ / ___'_ __ _ _(_)_ __  __ _ \ \ \ \
( ( )\___ | '_ | '_| | '_ \/ _` | \ \ \ \
 \\/  ___)| |_)| | | | | || (_| |  ) ) ) )
  '  |____| .__|_| |_|_| |_\__, | / / / /
 =========|_|==============|___/=/_/_/_/
 :: Spring Boot ::                (v3.1.9)

2024-03-16T15:44:25.021+07:00  INFO 39446 --- [           main] c.h.t.TestDeployApplicationTests         : Starting TestDeployApplicationTests using Java 21.0.1 with PID 39446 (started by hoangtien2k3 in /Users/hoangtien2k3/Downloads/test-deploy)
2024-03-16T15:44:25.022+07:00  INFO 39446 --- [           main] c.h.t.TestDeployApplicationTests         : No active profile set, falling back to 1 default profile: "default"
2024-03-16T15:44:25.970+07:00  INFO 39446 --- [           main] c.h.t.TestDeployApplicationTests         : Started TestDeployApplicationTests in 1.177 seconds (process running for 2.128)
]]></system-out>
    <system-err><![CDATA[WARNING: A Java agent has been loaded dynamically (/Users/hoangtien2k3/.m2/repository/net/bytebuddy/byte-buddy-agent/1.14.12/byte-buddy-agent-1.14.12.jar)
WARNING: If a serviceability tool is in use, please run with -XX:+EnableDynamicAgentLoading to hide this warning
WARNING: If a serviceability tool is not in use, please run with -Djdk.instrument.traceUsage for more information
WARNING: Dynamic loading of agents will be disallowed by default in a future release
]]></system-err>
  </testcase>
</testsuite>